-------------------------------------------------------------------------------
Test set: com.mykong.SpringRestHelloWorld1ApplicationTests
-------------------------------------------------------------------------------
Tests run: 3, Failures: 0, Errors: 3, Skipped: 0, Time elapsed: 0.101 s <<< FAILURE! - in com.mykong.SpringRestHelloWorld1ApplicationTests
initializationError(com.mykong.SpringRestHelloWorld1ApplicationTests)  Time elapsed: 0.011 s  <<< ERROR!
java.lang.Exception: The class com.mykong.SpringRestHelloWorld1ApplicationTests is not public.

initializationError(com.mykong.SpringRestHelloWorld1ApplicationTests)  Time elapsed: 0 s  <<< ERROR!
java.lang.Exception: Test class should have exactly one public constructor

initializationError(com.mykong.SpringRestHelloWorld1ApplicationTests)  Time elapsed: 0 s  <<< ERROR!
java.lang.Exception: Method contextLoads() should be public

